Flow report for fpga
Tue May 14 10:24:15 2024
Quartus II Version 9.0 Build 132 02/25/2009 SJ Web Edition


---------------------
; Table of Contents ;
---------------------
  1. Legal Notice
  2. Flow Summary
  3. Flow Settings
  4. Flow Non-Default Global Settings
  5. Flow Elapsed Time
  6. Flow OS Summary
  7. Flow Log



----------------
; Legal Notice ;
----------------
Copyright (C) 1991-2009 Altera Corporation
Your use of Altera Corporation's design tools, logic functions 
and other software and tools, and its AMPP partner logic 
functions, and any output files from any of the foregoing 
(including device programming or simulation files), and any 
associated documentation or information are expressly subject 
to the terms and conditions of the Altera Program License 
Subscription Agreement, Altera MegaCore Function License 
Agreement, or other applicable license agreement, including, 
without limitation, that your use is for the sole purpose of 
programming logic devices manufactured by Altera and sold by 
Altera or its authorized distributors.  Please refer to the 
applicable agreement for further details.



+-------------------------------------------------------------------+
; Flow Summary                                                      ;
+-------------------------+-----------------------------------------+
; Flow Status             ; Successful - Tue May 14 10:24:14 2024   ;
; Quartus II Version      ; 9.0 Build 132 02/25/2009 SJ Web Edition ;
; Revision Name           ; fpga                                    ;
; Top-level Entity Name   ; fpga                                    ;
; Family                  ; FLEX10K                                 ;
; Device                  ; EPF10K70RC240-4                         ;
; Timing Models           ; Final                                   ;
; Met timing requirements ; Yes                                     ;
; Total logic elements    ; 24 / 3,744 ( < 1 % )                    ;
; Total pins              ; 17 / 189 ( 9 % )                        ;
; Total memory bits       ; 0 / 18,432 ( 0 % )                      ;
+-------------------------+-----------------------------------------+


+-----------------------------------------+
; Flow Settings                           ;
+-------------------+---------------------+
; Option            ; Setting             ;
+-------------------+---------------------+
; Start date & time ; 05/14/2024 10:24:00 ;
; Main task         ; Compilation         ;
; Revision Name     ; fpga                ;
+-------------------+---------------------+


+--------------------------------------------------------------------------------------------------------------------+
; Flow Non-Default Global Settings                                                                                   ;
+------------------------------------+--------------------------------+---------------+-------------+----------------+
; Assignment Name                    ; Value                          ; Default Value ; Entity Name ; Section Id     ;
+------------------------------------+--------------------------------+---------------+-------------+----------------+
; COMPILER_SIGNATURE_ID              ; 84440845279451.171567504019532 ; --            ; --          ; --             ;
; MAX_CORE_JUNCTION_TEMP             ; 85                             ; --            ; --          ; --             ;
; MIN_CORE_JUNCTION_TEMP             ; 0                              ; --            ; --          ; --             ;
; MISC_FILE                          ; C:/AGH/Cyfrowka/lab4/fpga.dpf  ; --            ; --          ; --             ;
; USE_GENERATED_PHYSICAL_CONSTRAINTS ; Off                            ; --            ; --          ; eda_blast_fpga ;
+------------------------------------+--------------------------------+---------------+-------------+----------------+


+-----------------------------------------------------------------------------------------------------------------------------+
; Flow Elapsed Time                                                                                                           ;
+-------------------------+--------------+-------------------------+---------------------+------------------------------------+
; Module Name             ; Elapsed Time ; Average Processors Used ; Peak Virtual Memory ; Total CPU Time (on all processors) ;
+-------------------------+--------------+-------------------------+---------------------+------------------------------------+
; Analysis & Synthesis    ; 00:00:04     ; 1.0                     ; 242 MB              ; 00:00:01                           ;
; Fitter                  ; 00:00:03     ; 1.0                     ; 226 MB              ; 00:00:02                           ;
; Assembler               ; 00:00:02     ; 1.0                     ; 211 MB              ; 00:00:01                           ;
; Classic Timing Analyzer ; 00:00:00     ; 1.0                     ; 177 MB              ; 00:00:00                           ;
; Total                   ; 00:00:09     ; --                      ; --                  ; 00:00:04                           ;
+-------------------------+--------------+-------------------------+---------------------+------------------------------------+


+------------------------------------------------------------------------------------------+
; Flow OS Summary                                                                          ;
+-------------------------+------------------+---------------+------------+----------------+
; Module Name             ; Machine Hostname ; OS Name       ; OS Version ; Processor type ;
+-------------------------+------------------+---------------+------------+----------------+
; Analysis & Synthesis    ; DESKTOP-O17K81U  ; Windows Vista ; 6.2        ; x86_64         ;
; Fitter                  ; DESKTOP-O17K81U  ; Windows Vista ; 6.2        ; x86_64         ;
; Assembler               ; DESKTOP-O17K81U  ; Windows Vista ; 6.2        ; x86_64         ;
; Classic Timing Analyzer ; DESKTOP-O17K81U  ; Windows Vista ; 6.2        ; x86_64         ;
+-------------------------+------------------+---------------+------------+----------------+


------------
; Flow Log ;
------------
quartus_map --read_settings_files=on --write_settings_files=off fpga -c fpga
quartus_fit --read_settings_files=off --write_settings_files=off fpga -c fpga
quartus_asm --read_settings_files=off --write_settings_files=off fpga -c fpga
quartus_tan --read_settings_files=off --write_settings_files=off fpga -c fpga



